{
  "RSpec": {
    "coverage": {
      "/Users/macbookpro/project/address-book/app/helpers/application_helper.rb": [
        1,
        null
      ],
      "/Users/macbookpro/project/address-book/app/helpers/contacts_helper.rb": [
        1,
        null
      ],
      "/Users/macbookpro/project/address-book/app/channels/application_cable/channel.rb": [
        0,
        0,
        0,
        0
      ],
      "/Users/macbookpro/project/address-book/app/channels/application_cable/connection.rb": [
        0,
        0,
        0,
        0
      ],
      "/Users/macbookpro/project/address-book/app/controllers/api/api.rb": [
        0,
        0,
        0,
        0
      ],
      "/Users/macbookpro/project/address-book/app/controllers/api/v1/contacts_controller.rb": [
        0,
        0,
        0,
        0,
        0,
        0,
        0,
        0,
        0,
        0,
        0,
        0,
        0,
        0,
        0,
        0,
        0,
        0,
        0,
        0,
        0,
        0,
        0,
        0,
        0,
        0,
        0,
        0,
        0,
        0,
        0
      ],
      "/Users/macbookpro/project/address-book/app/controllers/application_controller.rb": [
        0,
        0,
        0
      ],
      "/Users/macbookpro/project/address-book/app/controllers/contacts_controller.rb": [
        0,
        0,
        0,
        0,
        0,
        0,
        0,
        0,
        0,
        0,
        0,
        0,
        0,
        0,
        0,
        0,
        0,
        0,
        0,
        0,
        0,
        0,
        0,
        0,
        0,
        0,
        0,
        0,
        0,
        0,
        0,
        0,
        0,
        0,
        0
      ],
      "/Users/macbookpro/project/address-book/app/controllers/hello_world_controller.rb": [
        0,
        0,
        0,
        0,
        0,
        0,
        0,
        0,
        0
      ],
      "/Users/macbookpro/project/address-book/app/jobs/application_job.rb": [
        0,
        0
      ],
      "/Users/macbookpro/project/address-book/app/mailers/application_mailer.rb": [
        0,
        0,
        0,
        0
      ],
      "/Users/macbookpro/project/address-book/app/models/application_record.rb": [
        0,
        0,
        0
      ],
      "/Users/macbookpro/project/address-book/app/models/contact.rb": [
        0,
        0
      ]
    },
    "timestamp": 1516381849
  }
}
